<?xml version="1.0" encoding="UTF-8" ?>
<testsuites>
  <testsuite errors="2" failures="0" hostname="Matheus-PC" id="0" name="Partidas" package="" tests="4" time="7.572" timestamp="2016-12-01T05:01:49">
      <properties />

      <testcase classname="grails.plugin.cucumber.CucumberTest" name="Adição de partida sem jogadores escalados" time="6.117">
          <error message="No message found under code &apos;main.title&apos; for locale &apos;pt_BR&apos;." type="org.springframework.context.NoSuchMessageException">org.springframework.context.NoSuchMessageException: No message found under code &apos;main.title&apos; for locale &apos;pt_BR&apos;.
	at steps.InternationalizationHelper.getMessage(InternationalizationHelper.groovy:12)
	at pages.CadastrarPartida$__clinit__closure1.doCall(CadastrarPartida.groovy:14)
	at geb.Page.verifyThisPageAtOnly(Page.groovy:165)
	at geb.Page.verifyAt(Page.groovy:133)
	at geb.Browser.doAt(Browser.groovy:358)
	at geb.Browser.at(Browser.groovy:289)
	at geb.Browser.to(Browser.groovy:436)
	at geb.Browser.to(Browser.groovy:412)
	at geb.binding.BindingUpdater$InvocationForwarding.doCall(BindingUpdater.groovy:72)
	at steps.PartidaSteps$_run_closure1.doCall(PartidaSteps.groovy:23)
	at ✽.Given eu estou na página de cadastro de partida(Partida.feature:7)
</error>

      </testcase>

      <testcase classname="grails.plugin.cucumber.CucumberTest" name="Adição de partida com jogadores escalados" time="0.905">
          <error message="No message found under code &apos;main.title&apos; for locale &apos;pt_BR&apos;." type="org.springframework.context.NoSuchMessageException">org.springframework.context.NoSuchMessageException: No message found under code &apos;main.title&apos; for locale &apos;pt_BR&apos;.
	at steps.InternationalizationHelper.getMessage(InternationalizationHelper.groovy:12)
	at pages.CadastrarJogador$__clinit__closure1.doCall(CadastrarJogador.groovy:14)
	at geb.Page.verifyThisPageAtOnly(Page.groovy:165)
	at geb.Page.verifyAt(Page.groovy:133)
	at geb.Browser.doAt(Browser.groovy:358)
	at geb.Browser.at(Browser.groovy:289)
	at geb.Browser.to(Browser.groovy:436)
	at geb.Browser.to(Browser.groovy:412)
	at geb.binding.BindingUpdater$InvocationForwarding.doCall(BindingUpdater.groovy:72)
	at steps.PartidaSteps$_run_closure6.doCall(PartidaSteps.groovy:47)
	at ✽.Given o atleta &quot;Carlinhos Bala&quot; de CPF &quot;123.132.123.45&quot;, data de nascimento &quot;10/10/1980&quot; e posição &quot;atacante&quot; está cadastrado no sistema(Partida.feature:13)
</error>

      </testcase>

      <testcase classname="grails.plugin.cucumber.CucumberTest" name="Adição de partida não cadastrada no sistema" time="0.125" />

      <testcase classname="grails.plugin.cucumber.CucumberTest" name="Adição de partida já existente no sistema" time="0.064" />

      <system-out><![CDATA[Feature: Partidas
  As a usuário do software de GA
  I want manter um histórico de partidas, a escalação e os gols das mesmas
  So that eu consigo acompanhar a evolução do clube na temporada

--Output from Adição de partida sem jogadores escalados--
--Output from Adição de partida com jogadores escalados--
  Scenario: Adição de partida sem jogadores escalados                                                                        # Partida.feature:6
    Given eu estou na página de cadastro de partida                                                                          # PartidaSteps.groovy:22
      org.springframework.context.NoSuchMessageException: No message found under code 'main.title' for locale 'pt_BR'.
      	at org.springframework.context.support.AbstractMessageSource.getMessage(AbstractMessageSource.java:159)
      	at org.springframework.context.MessageSource$getMessage.call(Unknown Source)
      	at steps.InternationalizationHelper.getMessage(InternationalizationHelper.groovy:12)
      	at steps.InternationalizationHelper.getMessage(InternationalizationHelper.groovy)
      	at steps.InternationalizationHelper$getMessage.call(Unknown Source)
      	at pages.CadastrarPartida$__clinit__closure1.doCall(CadastrarPartida.groovy:14)
      	at pages.CadastrarPartida$__clinit__closure1.doCall(CadastrarPartida.groovy)
      	at geb.Page.verifyThisPageAtOnly(Page.groovy:165)
      	at geb.Page.verifyAt(Page.groovy:133)
      	at geb.Page$verifyAt$3.call(Unknown Source)
      	at geb.Browser.doAt(Browser.groovy:358)
      	at geb.Browser.this$2$doAt(Browser.groovy)
      	at geb.Browser$this$2$doAt$9.callCurrent(Unknown Source)
      	at geb.Browser.at(Browser.groovy:289)
      	at geb.Browser.to(Browser.groovy:436)
      	at geb.Browser$to$0.callCurrent(Unknown Source)
      	at geb.Browser.to(Browser.groovy:412)
      	at geb.binding.BindingUpdater$InvocationForwarding.doCall(BindingUpdater.groovy:72)
      	at steps.PartidaSteps$_run_closure1.doCall(PartidaSteps.groovy:23)
      	at ✽.Given eu estou na página de cadastro de partida(Partida.feature:7)

    When eu cadastro uma partida para o jogo contra o "Atlético mineiro", no dia "20/06/2016" em que o clube sofreu "2" gols # PartidaSteps.groovy:27
    Then eu vou para a página de confirmação de cadastro de partida                                                          # PartidaSteps.groovy:36
    And eu vejo uma mensagem de erro informando que pelo menos 1 jogador deveria ter sido escalado                           # PartidaSteps.groovy:40

--Output from Adição de partida não cadastrada no sistema--
  Scenario: Adição de partida com jogadores escalados                                                                                                              # Partida.feature:12
    Given o atleta "Carlinhos Bala" de CPF "123.132.123.45", data de nascimento "10/10/1980" e posição "atacante" está cadastrado no sistema                       # PartidaSteps.groovy:46
      org.springframework.context.NoSuchMessageException: No message found under code 'main.title' for locale 'pt_BR'.
      	at org.springframework.context.support.AbstractMessageSource.getMessage(AbstractMessageSource.java:159)
      	at org.springframework.context.MessageSource$getMessage.call(Unknown Source)
      	at steps.InternationalizationHelper.getMessage(InternationalizationHelper.groovy:12)
      	at steps.InternationalizationHelper.getMessage(InternationalizationHelper.groovy)
      	at steps.InternationalizationHelper$getMessage.call(Unknown Source)
      	at pages.CadastrarJogador$__clinit__closure1.doCall(CadastrarJogador.groovy:14)
      	at pages.CadastrarJogador$__clinit__closure1.doCall(CadastrarJogador.groovy)
      	at geb.Page.verifyThisPageAtOnly(Page.groovy:165)
      	at geb.Page.verifyAt(Page.groovy:133)
      	at geb.Page$verifyAt$3.call(Unknown Source)
      	at geb.Page$verifyAt$3.call(Unknown Source)
      	at geb.Browser.doAt(Browser.groovy:358)
      	at geb.Browser.this$2$doAt(Browser.groovy)
      	at geb.Browser$this$2$doAt$9.callCurrent(Unknown Source)
      	at geb.Browser$this$2$doAt$9.callCurrent(Unknown Source)
      	at geb.Browser.at(Browser.groovy:289)
      	at geb.Browser.to(Browser.groovy:436)
      	at geb.Browser$to$0.callCurrent(Unknown Source)
      	at geb.Browser.to(Browser.groovy:412)
      	at geb.binding.BindingUpdater$InvocationForwarding.doCall(BindingUpdater.groovy:72)
      	at steps.PartidaSteps$_run_closure6.doCall(PartidaSteps.groovy:47)
      	at ✽.Given o atleta "Carlinhos Bala" de CPF "123.132.123.45", data de nascimento "10/10/1980" e posição "atacante" está cadastrado no sistema(Partida.feature:13)

    And eu estou na página de cadastro de partida                                                                                                                  # PartidaSteps.groovy:22
    When eu cadastro uma partida para o jogo contra o "Corinthians", no dia "30/07/2016" em que o clube sofreu "2" gols com o atleta "Carlinhos Bala" como titular # PartidaSteps.groovy:58
    Then eu vou para a página de confirmação de cadastro de partida                                                                                                # PartidaSteps.groovy:36
    And eu vejo uma mensagem de confirmação de partida cadastrada com sucesso                                                                                      # PartidaSteps.groovy:64

--Output from Adição de partida já existente no sistema--
  #Controlador
  Scenario: Adição de partida não cadastrada no sistema                                                       # Partida.feature:21
    Given o sistema não possua nenhuma partida no dia "22/05/2016"                                            # PartidaSteps.groovy:101
    When eu crio uma partida no dia "22/05/2016", contra o "Atlético mineiro", em que o clube sofreu "2" gols # PartidaSteps.groovy:105
    Then a partida do dia "22/05/2016" é salva no sistema                                                     # PartidaSteps.groovy:109
Romario
_____________________ [ga.Jogador : 1]
  Scenario: Adição de partida já existente no sistema                                                         # Partida.feature:26
    Given o sistema possui uma partida no dia "22/06/2016"                                                    # PartidaSteps.groovy:113
    When eu crio uma partida no dia "22/06/2016", contra o "Atlético mineiro", em que o clube sofreu "2" gols # PartidaSteps.groovy:105
    Then o sistema só armazena uma partida para o dia "22/06/2016"                                            # PartidaSteps.groovy:122
]]></system-out>

      <system-err><![CDATA[
--Output from Adição de partida sem jogadores escalados--Starting ChromeDriver 2.25.426923 (0390b88869384d6eb0d5d09729679f934aab9eed) on port 48794
Only local connections are allowed.

--Output from Adição de partida com jogadores escalados--
--Output from Adição de partida não cadastrada no sistema--
--Output from Adição de partida já existente no sistema--]]></system-err>

  </testsuite>
</testsuites>
