<?xml version="1.0" encoding="UTF-8" ?>
<testsuites>
  <testsuite errors="0" failures="0" hostname="lucas-Inspiron-5420" id="0" name="Atleta" package="" tests="8" time="26.186" timestamp="2015-11-28T22:43:45">
      <properties />

      <testcase classname="grails.plugin.cucumber.CucumberTest" name="Adicionar atleta novo" time="0.571" />

      <testcase classname="grails.plugin.cucumber.CucumberTest" name="Adicionar atleta duplicado" time="0.148" />

      <testcase classname="grails.plugin.cucumber.CucumberTest" name="Adicionar Atleta novo web" time="15.108" />

      <testcase classname="grails.plugin.cucumber.CucumberTest" name="Adicionar atleta duplicado web" time="3.183" />

      <testcase classname="grails.plugin.cucumber.CucumberTest" name="Editar cpf Atleta" time="0.136" />

      <testcase classname="grails.plugin.cucumber.CucumberTest" name="Editar atleta e deixar campos obrigatorios em branco" time="0.096" />

      <testcase classname="grails.plugin.cucumber.CucumberTest" name="Editar Atleta web sucesso" time="4.423" />

      <testcase classname="grails.plugin.cucumber.CucumberTest" name="Edicao falha de dados do atleta" time="2.096" />

      <system-out><![CDATA[Feature: Atleta
  As a usuario cadastrado no sistema
  I want adicionar e editar atletas
  So that eu possa gerenciar as informacoes dos atletas

--Output from Adicionar atleta novo--
--Output from Adicionar atleta duplicado--
  Scenario: Adicionar atleta novo                                                  # Atleta.feature:6
    Given o sistema nao tem o atleta com o CPF "09719992836"                       # AtletaSteps.groovy:13
    When eu adiciono o atleta com o CPF "09719992836"                              # AtletaSteps.groovy:17
    Then o atleta com o CPF "09719992836" esta devidamente armazenado pelo sistema # AtletaSteps.groovy:21

--Output from Adicionar Atleta novo web--
  Scenario: Adicionar atleta duplicado                                # Atleta.feature:11
    Given o atleta esta armazenado no sistema com o CPF "08976898765" # AtletaSteps.groovy:111
    When eu adicionar o atleta com o CPF "08976898765"                # AtletaSteps.groovy:115
    Then o atleta com o CPF "08976898765" nao e armazenado duas vezes # AtletaSteps.groovy:119

--Output from Adicionar atleta duplicado web--
  Scenario: Adicionar Atleta novo web                                                                                                                                                                                           # Atleta.feature:16
    Given estou no menu de Atleta                                                                                                                                                                                               # AtletaSteps.groovy:63
    And o atleta nao aparece na lista de atletas cadastrados                                                                                                                                                                    # AtletaSteps.groovy:67
    When eu seleciono a opcao New Atleta                                                                                                                                                                                        # AtletaSteps.groovy:71
    And eu preencho os dados do atleta com nome "Gabriel", email "ghdr@cin.ufpe.br", telefone "99878798", CPF "08976898765", RG "8765667", altura "1,75", peso "70", posicao "atacante", categoria "sub 17" e alojamento "true" # AtletaSteps.groovy:76
    And eu seleciono a opcao Create                                                                                                                                                                                             # AtletaSteps.groovy:81
    Then poderei ver os detalhes do atleta salvo no sistema                                                                                                                                                                     # AtletaSteps.groovy:85

--Output from Editar cpf Atleta--
  Scenario: Adicionar atleta duplicado web                                                                                                                                                                                      # Atleta.feature:25
    Given estou no menu de Atletas                                                                                                                                                                                              # AtletaSteps.groovy:123
    And o atleta aparece na lista de atletas cadastrados                                                                                                                                                                        # AtletaSteps.groovy:128
    When eu seleciono a opcao New Atleta                                                                                                                                                                                        # AtletaSteps.groovy:71
    And eu preencho os dados do atleta com nome "Gabriel", email "ghdr@cin.ufpe.br", telefone "99878798", CPF "08976898765", RG "8765667", altura "1,75", peso "70", posicao "atacante", categoria "sub 17" e alojamento "true" # AtletaSteps.groovy:76
    And eu seleciono a opcao Create                                                                                                                                                                                             # AtletaSteps.groovy:81
    Then eu poderei ver uma mensagem de erro                                                                                                                                                                                    # AtletaSteps.groovy:132

--Output from Editar atleta e deixar campos obrigatorios em branco--
  Scenario: Editar cpf Atleta                                                             # Atleta.feature:33
    Given o sistema possui um atleta com cpf "08976898765"                                # AtletaSteps.groovy:26
    When eu edito o cpf para "08976898763"                                                # AtletaSteps.groovy:32
    Then O sistema deve armazenar o atleta com a nova informacao de cpf no banco de dados # AtletaSteps.groovy:37

--Output from Editar Atleta web sucesso--
  Scenario: Editar atleta e deixar campos obrigatorios em branco # Atleta.feature:38
    Given o sistema possui um atleta com cpf "08976898765"       # AtletaSteps.groovy:26
    When eu nao preencho o campo cpf                             # AtletaSteps.groovy:92
    And confirmo minhas mudancas                                 # AtletaSteps.groovy:96
    Then O sistema nao devera armazenar as mudancas              # AtletaSteps.groovy:100

--Output from Edicao falha de dados do atleta--
  Scenario: Editar Atleta web sucesso                                                 # Atleta.feature:44
    Given estou na pagina de editar atletas                                           # AtletaSteps.groovy:41
    When eu preencho o campo de cpf com "11281727373"                                 # AtletaSteps.groovy:45
    And eu preencho os campos requeridos corretamente                                 # AtletaSteps.groovy:48
    And envio minhas mudancas                                                         # AtletaSteps.groovy:51
    Then eu devo ver uma mensagem indicando que as mudancas foram salvas corretamente # AtletaSteps.groovy:54

  Scenario: Edicao falha de dados do atleta                       # Atleta.feature:51
    Given estou na pagina de editar atletas                       # AtletaSteps.groovy:41
    When eu preencho o campo de cpf com ""                        # AtletaSteps.groovy:45
    And eu preencho os campos requeridos corretamente             # AtletaSteps.groovy:48
    And envio minhas mudancas                                     # AtletaSteps.groovy:51
    Then eu devo ver uma mensagem indicando que um erro aconteceu # AtletaSteps.groovy:105
]]></system-out>

      <system-err><![CDATA[
--Output from Adicionar atleta novo--
--Output from Adicionar atleta duplicado--
--Output from Adicionar Atleta novo web--
--Output from Adicionar atleta duplicado web--
--Output from Editar cpf Atleta--
--Output from Editar atleta e deixar campos obrigatorios em branco--
--Output from Editar Atleta web sucesso--
--Output from Edicao falha de dados do atleta--]]></system-err>

  </testsuite>
  <testsuite errors="0" failures="0" hostname="lucas-Inspiron-5420" id="1" name="Contrato" package="" tests="4" time="6.367" timestamp="2015-11-28T22:44:11">
      <properties />

      <testcase classname="grails.plugin.cucumber.CucumberTest" name="adicionar novo contrato" time="0.159" />

      <testcase classname="grails.plugin.cucumber.CucumberTest" name="adicionar novo contrato web" time="4.18" />

      <testcase classname="grails.plugin.cucumber.CucumberTest" name="adicionar novo contrato com data de termino antes do prazo acabar" time="0.09" />

      <testcase classname="grails.plugin.cucumber.CucumberTest" name="adicionar novo contrato com data de termino antes do prazo acabar web" time="1.855" />

      <system-out><![CDATA[Feature: Contrato
  As a usuario do sistema
  I want adicionar e cancelar contrato
  So that eu posso gerenciar os contratos dos atletas de um clube

--Output from adicionar novo contrato--
--Output from adicionar novo contrato web--
  Scenario: adicionar novo contrato                                                                                                                   # Contrato.feature:7
    Given nao existe o contrato com contratante "Nautico" e o contratado "Gabriel" com data de inicio "21/01/2015" e data de termino "21/01/2016"     # ContratoSteps.groovy:11
    When eu crio um novo contrato com o contratante "Nautico" e o contratado "Gabriel" com data de inicio "21/01/2015" e data de termino "21/01/2016" # ContratoSteps.groovy:20
    Then o contrato sera salvo no sistema                                                                                                             # ContratoSteps.groovy:30

--Output from adicionar novo contrato com data de termino antes do prazo acabar--
  Scenario: adicionar novo contrato web                                                                                                             # Contrato.feature:12
    Given eu estou na pagina de Contrato                                                                                                            # ContratoSteps.groovy:38
    And eu visualizo a lista de todos os contratos                                                                                                  # ContratoSteps.groovy:43
    When eu seleciono a opção New Contrato                                                                                                          # ContratoSteps.groovy:48
    And preencho os detalhes com contratante "Nautico",contratado "Arthur", data de início "19/10/2015" ,data de termino "19/10/2016", valor "1200" # ContratoSteps.groovy:53
    And eu seleciono a opção Create                                                                                                                 # ContratoSteps.groovy:61
    Then poderei ver os detalhes do contrato salvos no sistema                                                                                      # ContratoSteps.groovy:64

--Output from adicionar novo contrato com data de termino antes do prazo acabar web--
  Scenario: adicionar novo contrato com data de termino antes do prazo acabar                                                                                                                    # Contrato.feature:20
    Given existe o contrato com contratante "Nautico" e o contratado "Gabriel" com data de inicio "21/01/2015" e data de termino "21/01/2016"                                                    # ContratoSteps.groovy:69
    When eu adicionar o contrato com o contratante "Nautico" e o contratado "Gabriel" com data de inicio "21/01/2015" e data de termino "21/01/2016"                                             # ContratoSteps.groovy:78
    Then o contrato nao sera salvo no sistema pois ja existe um contrato valido com o contratante "Nautico" e contratado "Gabriel"com data de inicio "21/01/2015" e data de termino "21/01/2016" # ContratoSteps.groovy:83

  Scenario: adicionar novo contrato com data de termino antes do prazo acabar web                                                                        # Contrato.feature:26
    Given eu estou na pagina de Contrato                                                                                                                 # ContratoSteps.groovy:38
    And eu visualizo a lista de todos os contratos                                                                                                       # ContratoSteps.groovy:43
    And o contrato aparece na lista de contratos cadastrados                                                                                             # ContratoSteps.groovy:91
    When eu seleciono a opção New Contrato                                                                                                               # ContratoSteps.groovy:48
    And preencho os detalhes com contratante "Nautico", contratado "Gabriel" com data de inicio "21/01/2015" e data de termino "21/01/2016",valor "1200" # ContratoSteps.groovy:94
    And seleciono a opção Create                                                                                                                         # ContratoSteps.groovy:98
    Then aparecera uma mensagem de erro na tela                                                                                                          # ContratoSteps.groovy:103
]]></system-out>

      <system-err><![CDATA[
--Output from adicionar novo contrato--
--Output from adicionar novo contrato web--
--Output from adicionar novo contrato com data de termino antes do prazo acabar--
--Output from adicionar novo contrato com data de termino antes do prazo acabar web--]]></system-err>

  </testsuite>
  <testsuite errors="0" failures="0" hostname="lucas-Inspiron-5420" id="2" name="User" package="" tests="4" time="2.743" timestamp="2015-11-28T22:44:17">
      <properties />

      <testcase classname="grails.plugin.cucumber.CucumberTest" name="Tentando logar usando credenciais corretas web" time="1.603" />

      <testcase classname="grails.plugin.cucumber.CucumberTest" name="Tentando logar usando credenciais erradas web" time="0.924" />

      <testcase classname="grails.plugin.cucumber.CucumberTest" name="Tentando logar usando credenciais corretas" time="0.125" />

      <testcase classname="grails.plugin.cucumber.CucumberTest" name="Tentando logar usando nome de usuário errado" time="0.01" />

      <system-out><![CDATA[Feature: User
  
  As a membro de um grupo de atletas
  I want acessar o sistema de gerenciamento de atletas
  So that eu posso usar todas as funcionalidades

--Output from Tentando logar usando credenciais corretas web--
--Output from Tentando logar usando credenciais erradas web--
  Scenario: Tentando logar usando credenciais corretas web                                                 # User.feature:7
    Given estou na pagina de login                                                                         # UserSteps.groovy:10
    When eu aperto entrar apos preencher o campo de login e senha com "admin" e "senha123" respectivamente # UserSteps.groovy:15
    Then eu serei redirecionado para a pagina inicial                                                      # UserSteps.groovy:25

--Output from Tentando logar usando credenciais corretas--
  Scenario: Tentando logar usando credenciais erradas web                                                  # User.feature:12
    Given estou na pagina de login                                                                         # UserSteps.groovy:10
    When eu aperto entrar apos preencher o campo de login e senha com "adnin" e "senha123" respectivamente # UserSteps.groovy:15
    Then eu permaneco na pagina de login                                                                   # UserSteps.groovy:20

--Output from Tentando logar usando nome de usuário errado--
  Scenario: Tentando logar usando credenciais corretas                     # User.feature:18
    Given que o login "admin" esta cadastrado no sistema                   # UserSteps.groovy:34
    When eu tento acessar o sistema com o login "admin" e senha "senha123" # UserSteps.groovy:39
    Then eu consigo acessar o gerenciador de atletas                       # UserSteps.groovy:47

  Scenario: Tentando logar usando nome de usuário errado                   # User.feature:24
    Given que o login "adnin" nao esta cadastrado no sistema               # UserSteps.groovy:29
    When eu tento acessar o sistema com o login "adnin" e senha "senha123" # UserSteps.groovy:39
    Then eu nao consigo acessar o gerenciador de atletas                   # UserSteps.groovy:43
]]></system-out>

      <system-err><![CDATA[
--Output from Tentando logar usando credenciais corretas web--
--Output from Tentando logar usando credenciais erradas web--
--Output from Tentando logar usando credenciais corretas--
--Output from Tentando logar usando nome de usuário errado--]]></system-err>

  </testsuite>
</testsuites>
