<?xml version="1.0" encoding="UTF-8" ?>
<testsuites>
  <testsuite errors="0" failures="0" hostname="ug1c48" id="0" name="Notificações" package="" tests="5" time="1.268" timestamp="2016-11-06T00:42:07">
      <properties />

      <testcase classname="grails.plugin.cucumber.CucumberTest" name="dados incorretos" time="0.232" />

      <testcase classname="grails.plugin.cucumber.CucumberTest" name="Adicionar usuário para receber notificações" time="0.086" />

      <testcase classname="grails.plugin.cucumber.CucumberTest" name="usuário já cadastrado para receber notificações" time="0.085" />

      <testcase classname="grails.plugin.cucumber.CucumberTest" name="adicionar novo usuário para receber notificações" time="0.433" />

      <testcase classname="grails.plugin.cucumber.CucumberTest" name="usuário duplicado" time="0.068" />

      <system-out><![CDATA[Feature: Notificações
  As a presidente de um time de futebol
  I Want to receber notificações sobre o meu time na minha caixa de email
  So that  alguma clausula do contrato de algum jogador for disparada ou quando o contrato do jogador estiver perto de expirar

--Output from dados incorretos--
--Output from Adicionar usuário para receber notificações--
  #  Senarios de GUI
  Scenario: dados incorretos                                                       # Notifications.feature:9
    Given eu estou na página de "adicionar novo usuário" para receber notificações # NotificationsSteps.groovy:10
    When eu preencho o campo "email" com "email@cin"                               # NotificationsSteps.groovy:12
    And o campo "nome" com "nome"                                                  # NotificationsSteps.groovy:14
    And eu solicito para salvar as alterações feitas em "notificações"             # NotificationsSteps.groovy:16
    Then eu posso ver uma mensagem informando que o "email@cin" é incorreto        # NotificationsSteps.groovy:18

--Output from usuário já cadastrado para receber notificações--
  Scenario: Adicionar usuário para receber notificações                             # Notifications.feature:18
    Given eu estou na página de "adicionar novo usuário" para receber notificações  # NotificationsSteps.groovy:10
    And o usuário "João Dantas" ainda não está cadastrado para receber notificações # NotificationsSteps.groovy:20
    When eu preencho o campo "nome" com "João Dantas"                               # NotificationsSteps.groovy:12
    And o campo "email" com "email@cin"                                             # NotificationsSteps.groovy:14
    And eu escolho confirmar                                                        # NotificationsSteps.groovy:22
    Then é exibido uma mensagem de confirmação                                      # NotificationsSteps.groovy:24

--Output from adicionar novo usuário para receber notificações--
  Scenario: usuário já cadastrado para receber notificações                                                    # Notifications.feature:28
    Given eu estou na página de "adicionar novo usuário" para receber notificações                             # NotificationsSteps.groovy:10
    And o usuário "João Dantas" já está cadastrado para receber notificações                                   # NotificationsSteps.groovy:26
    When eu adiciono "João Dantas" nas pessoas que vão receber notificações                                    # NotificationsSteps.groovy:28
    Then é exibido uma mensagem de erro dizendo que "João Dantas" já esta cadastrado para receber notificações # NotificationsSteps.groovy:30
teste inicio
ga.Usuario : (unsaved)
teste fim

--Output from usuário duplicado--
  #    Senarios de controler
  Scenario: adicionar novo usuário para receber notificações                                                            # Notifications.feature:38
    Given o sistema não tem o usuário "João Dantas" cadastrado para receber notificações com o email "email@gmail.com"  # NotificationsSteps.groovy:33
    When eu adiciono "João Dantas" no sistema de notificações com o email "email@gmail.com"                             # NotificationsSteps.groovy:37
    Then o usuário "João Dantas" é adicionado nas pessoas que vão receber as notificações com o email "email@gmail.com" # NotificationsSteps.groovy:56
teste inicio
ga.Usuario : (unsaved)
teste fim
teste inicio
ga.Usuario : (unsaved)
teste fim

  Scenario: usuário duplicado                                                                                      # Notifications.feature:44
    Given o sistema tem o usuário "João Dantas" cadastrado para receber notificações com o email "email@gmail.com" # NotificationsSteps.groovy:61
    When eu adiciono "João Dantas" no sistema de notificações com o email "email@gmail.com"                        # NotificationsSteps.groovy:37
    Then o sistema não é modificado                                                                                # NotificationsSteps.groovy:65
]]></system-out>

      <system-err><![CDATA[
--Output from dados incorretos--
--Output from Adicionar usuário para receber notificações--
--Output from usuário já cadastrado para receber notificações--
--Output from adicionar novo usuário para receber notificações--
--Output from usuário duplicado--]]></system-err>

  </testsuite>
</testsuites>
