<?xml version="1.0" encoding="UTF-8" ?>
<testsuites>
  <testsuite errors="0" failures="0" hostname="ug1c48" id="0" name="Notificações" package="" tests="4" time="8.079" timestamp="2016-11-06T10:20:02">
      <properties />

      <testcase classname="grails.plugin.cucumber.CucumberTest" name="dados incorretos" time="5.953" />

      <testcase classname="grails.plugin.cucumber.CucumberTest" name="Adicionar usuário para receber notificações" time="1.602" />

      <testcase classname="grails.plugin.cucumber.CucumberTest" name="adicionar novo usuário para receber notificações" time="0.124" />

      <testcase classname="grails.plugin.cucumber.CucumberTest" name="usuário duplicado" time="0.026" />

      <system-out><![CDATA[Feature: Notificações
  As a presidente de um time de futebol
  I Want to receber notificações sobre o meu time na minha caixa de email
  So that  alguma clausula do contrato de algum jogador for disparada ou quando o contrato do jogador estiver perto de expirar

--Output from dados incorretos--
--Output from Adicionar usuário para receber notificações--
  #  Senarios de GUI
  Scenario: dados incorretos                                                     # Notifications.feature:9
    Given eu estou na página de adicionar novo usuário para receber notificações # NotificationsSteps.groovy:12
    When eu preencho o campo "email" com "email@cin"                             # NotificationsSteps.groovy:16
    And o campo "nome" com "nome"                                                # NotificationsSteps.groovy:19
    And eu solicito para adicionar novo usuário para receber notificações        # NotificationsSteps.groovy:22
    Then eu posso ver uma mensagem informando que o "email@cin" é incorreto      # NotificationsSteps.groovy:25

--Output from adicionar novo usuário para receber notificações--
  Scenario: Adicionar usuário para receber notificações                                                           # Notifications.feature:18
    Given eu estou na página de adicionar novo usuário para receber notificações                                  # NotificationsSteps.groovy:12
    And o usuário "João Dantas" ainda não está cadastrado para receber notificações com o email "email@gmail.com" # NotificationsSteps.groovy:31
    When eu preencho o campo "nome" com "João Dantas"                                                             # NotificationsSteps.groovy:16
    And o campo "email" com "email@gmail.com"                                                                     # NotificationsSteps.groovy:19
    And eu solicito para adicionar novo usuário para receber notificações                                         # NotificationsSteps.groovy:22
    Then é exibido uma mensagem de confirmação                                                                    # NotificationsSteps.groovy:34

--Output from usuário duplicado--
  #    Senarios de controler
  Scenario: adicionar novo usuário para receber notificações                                                            # Notifications.feature:38
    Given o sistema não tem o usuário "João Dantas" cadastrado para receber notificações com o email "email@gmail.com"  # NotificationsSteps.groovy:39
    When eu adiciono "João Dantas" no sistema de notificações com o email "email@gmail.com"                             # NotificationsSteps.groovy:43
    Then o usuário "João Dantas" é adicionado nas pessoas que vão receber as notificações com o email "email@gmail.com" # NotificationsSteps.groovy:47

  Scenario: usuário duplicado                                                                                      # Notifications.feature:44
    Given o sistema tem o usuário "João Dantas" cadastrado para receber notificações com o email "email@gmail.com" # NotificationsSteps.groovy:54
    When eu adiciono "João Dantas" no sistema de notificações com o email "email@gmail.com"                        # NotificationsSteps.groovy:43
    Then o sistema não é modificado                                                                                # NotificationsSteps.groovy:58
]]></system-out>

      <system-err><![CDATA[
--Output from dados incorretos--
--Output from Adicionar usuário para receber notificações--
--Output from adicionar novo usuário para receber notificações--
--Output from usuário duplicado--]]></system-err>

  </testsuite>
</testsuites>
